2022-04-30 21:32:36:3236 [37mdebug[39m: [37mServer is up and running @ http://localhost:3000[39m
2022-04-30 21:32:58:3258 [35mhttp[39m: [35mGET / 200 27 - 2.785 ms[39m
2022-04-30 21:33:16:3316 [31merror[39m: [31mThis is an error log[39m
2022-04-30 21:33:16:3316 [33mwarn[39m: [33mThis is a warn log[39m
2022-04-30 21:33:16:3316 [32minfo[39m: [32mThis is a info log[39m
2022-04-30 21:33:16:3316 [35mhttp[39m: [35mThis is a http log[39m
2022-04-30 21:33:16:3316 [37mdebug[39m: [37mThis is a debug log[39m
2022-04-30 21:33:16:3316 [35mhttp[39m: [35mGET /logger 200 11 - 3.557 ms[39m
2022-04-30 21:40:00:400 [37mdebug[39m: [37mServer is up and running @ http://localhost:3000[39m
2022-04-30 21:40:35:4035 [31merror[39m: [31mThis is an error log[39m
2022-04-30 21:40:35:4035 [33mwarn[39m: [33mThis is a warn log[39m
2022-04-30 21:40:35:4035 [32minfo[39m: [32mThis is a info log[39m
2022-04-30 21:40:35:4035 [35mhttp[39m: [35mThis is a http log[39m
2022-04-30 21:40:35:4035 [37mdebug[39m: [37mThis is a debug log[39m
2022-04-30 21:40:35:4035 [35mhttp[39m: [35mGET /logger 304 - - 5.787 ms[39m
2022-04-30 23:23:34:2334 [37mdebug[39m: [37mServer is up and running @ http://localhost:3000[39m
2022-05-01 01:09:25:925 [37mdebug[39m: [37mServer is up and running @ http://localhost:3000[39m
2022-05-01 01:09:34:934 [31merror[39m: [31mThis is an error log[39m
2022-05-01 01:09:34:934 [33mwarn[39m: [33mThis is a warn log[39m
2022-05-01 01:09:34:934 [32minfo[39m: [32mThis is a info log[39m
2022-05-01 01:09:34:934 [35mhttp[39m: [35mThis is a http log[39m
2022-05-01 01:09:34:934 [37mdebug[39m: [37mThis is a debug log[39m
2022-05-01 01:09:34:934 [35mhttp[39m: [35mGET /logger 304 - - 6.038 ms[39m
2022-05-01 01:09:40:940 [35mhttp[39m: [35mGET /loggerusers 404 150 - 2.127 ms[39m
2022-05-01 01:09:47:947 [35mhttp[39m: [35mGET /lorusers 404 147 - 0.649 ms[39m
2022-05-01 01:12:55:1255 [37mdebug[39m: [37mServer is up and running @ http://localhost:3000[39m
2022-05-01 01:21:36:2136 [37mdebug[39m: [37mServer is up and running @ http://localhost:3000[39m
2022-05-01 01:21:45:2145 [35mhttp[39m: [35mGET /users 200 898 - 861.240 ms[39m
2022-05-01 01:39:52:3952 [37mdebug[39m: [37mServer is up and running @ http://localhost:3000[39m
2022-05-01 01:41:10:4110 [35mhttp[39m: [35mGET /users 200 15 - 603.589 ms[39m
2022-05-01 01:41:33:4133 [31merror[39m: [31mThis is an error log[39m
2022-05-01 01:41:33:4133 [33mwarn[39m: [33mThis is a warn log[39m
2022-05-01 01:41:33:4133 [32minfo[39m: [32mThis is a info log[39m
2022-05-01 01:41:33:4133 [35mhttp[39m: [35mThis is a http log[39m
2022-05-01 01:41:33:4133 [37mdebug[39m: [37mThis is a debug log[39m
2022-05-01 01:41:33:4133 [35mhttp[39m: [35mGET /logger 304 - - 3.516 ms[39m
2022-05-01 01:43:29:4329 [37mdebug[39m: [37mServer is up and running @ http://localhost:3000[39m
2022-05-01 01:43:48:4348 [35mhttp[39m: [35mGET /users 200 880 - 578.052 ms[39m
